<?xml version="1.0" encoding="UTF-8" ?>
<testsuite failures="0" time="0" errors="0" skipped="0" tests="3" name="jhandus.CalculatorTest">
  <properties>
    <property name="java.runtime.name" value="Java(TM) SE Runtime Environment"/>
    <property name="sun.boot.library.path" value="C:\Java\jdk1.6.0_11\jre\bin"/>
    <property name="java.vm.version" value="11.0-b16"/>
    <property name="java.vm.vendor" value="Sun Microsystems Inc."/>
    <property name="java.vendor.url" value="http://java.sun.com/"/>
    <property name="path.separator" value=";"/>
    <property name="java.vm.name" value="Java HotSpot(TM) Client VM"/>
    <property name="file.encoding.pkg" value="sun.io"/>
    <property name="user.country" value="BR"/>
    <property name="sun.java.launcher" value="SUN_STANDARD"/>
    <property name="sun.os.patch.level" value="Service Pack 3"/>
    <property name="java.vm.specification.name" value="Java Virtual Machine Specification"/>
    <property name="user.dir" value="C:\Javadev\eclipse-workspace\huge-integer-calc\huge-integer-calc-core"/>
    <property name="java.runtime.version" value="1.6.0_11-b03"/>
    <property name="java.awt.graphicsenv" value="sun.awt.Win32GraphicsEnvironment"/>
    <property name="basedir" value="C:\Javadev\eclipse-workspace\huge-integer-calc\huge-integer-calc-core"/>
    <property name="java.endorsed.dirs" value="C:\Java\jdk1.6.0_11\jre\lib\endorsed"/>
    <property name="os.arch" value="x86"/>
    <property name="surefire.real.class.path" value="C:\DOCUME~1\LOHAND~1.RIB\CONFIG~1\Temp\surefirebooter8488102228474690151.jar"/>
    <property name="java.io.tmpdir" value="C:\DOCUME~1\LOHAND~1.RIB\CONFIG~1\Temp\"/>
    <property name="line.separator" value="
"/>
    <property name="java.vm.specification.vendor" value="Sun Microsystems Inc."/>
    <property name="user.variant" value=""/>
    <property name="os.name" value="Windows XP"/>
    <property name="sun.jnu.encoding" value="Cp1252"/>
    <property name="java.library.path" value="C:\Java\jdk1.6.0_11\jre\bin;.;C:\WINDOWS\Sun\Java\bin;C:\WINDOWS\system32;C:\WINDOWS;C:\Java\jdk1.6.0_11\bin;C:\ora92\bin;C:\WINDOWS\system32;C:\WINDOWS;C:\WINDOWS\System32\Wbem;C:\Arquivos de programas\Intel\DMIX;C:\Arquivos de programas\Subversion\bin;C:\Arquivos de programas\TortoiseSVN\bin;C:\Program Files\ObjectStudio\dllw32;c:\apache-ant-1.7.1\bin;C:\apache-maven-2.2.1\bin;C:\Arquivos de programas\CollabNet Subversion;C:\Javadev\atlassian-plugin-sdk-3.2.4\bin"/>
    <property name="surefire.test.class.path" value="C:\Javadev\eclipse-workspace\huge-integer-calc\huge-integer-calc-core\target\test-classes;C:\Javadev\eclipse-workspace\huge-integer-calc\huge-integer-calc-core\target\classes;C:\Java\m2repo\junit\junit\4.8.1\junit-4.8.1.jar;"/>
    <property name="java.specification.name" value="Java Platform API Specification"/>
    <property name="java.class.version" value="50.0"/>
    <property name="sun.management.compiler" value="HotSpot Client Compiler"/>
    <property name="os.version" value="5.1"/>
    <property name="user.home" value="C:\Documents and Settings\lohandus.ribeiro"/>
    <property name="user.timezone" value=""/>
    <property name="java.awt.printerjob" value="sun.awt.windows.WPrinterJob"/>
    <property name="java.specification.version" value="1.6"/>
    <property name="file.encoding" value="Cp1252"/>
    <property name="user.name" value="lohandus.ribeiro"/>
    <property name="java.class.path" value="C:\Javadev\eclipse-workspace\huge-integer-calc\huge-integer-calc-core\target\test-classes;C:\Javadev\eclipse-workspace\huge-integer-calc\huge-integer-calc-core\target\classes;C:\Java\m2repo\junit\junit\4.8.1\junit-4.8.1.jar;"/>
    <property name="java.vm.specification.version" value="1.0"/>
    <property name="sun.arch.data.model" value="32"/>
    <property name="java.home" value="C:\Java\jdk1.6.0_11\jre"/>
    <property name="java.specification.vendor" value="Sun Microsystems Inc."/>
    <property name="user.language" value="pt"/>
    <property name="awt.toolkit" value="sun.awt.windows.WToolkit"/>
    <property name="java.vm.info" value="mixed mode, sharing"/>
    <property name="java.version" value="1.6.0_11"/>
    <property name="java.ext.dirs" value="C:\Java\jdk1.6.0_11\jre\lib\ext;C:\WINDOWS\Sun\Java\lib\ext"/>
    <property name="sun.boot.class.path" value="C:\Java\jdk1.6.0_11\jre\lib\resources.jar;C:\Java\jdk1.6.0_11\jre\lib\rt.jar;C:\Java\jdk1.6.0_11\jre\lib\sunrsasign.jar;C:\Java\jdk1.6.0_11\jre\lib\jsse.jar;C:\Java\jdk1.6.0_11\jre\lib\jce.jar;C:\Java\jdk1.6.0_11\jre\lib\charsets.jar;C:\Java\jdk1.6.0_11\jre\classes"/>
    <property name="java.vendor" value="Sun Microsystems Inc."/>
    <property name="localRepository" value="C:/Java/m2repo"/>
    <property name="file.separator" value="\"/>
    <property name="java.vendor.url.bug" value="http://java.sun.com/cgi-bin/bugreport.cgi"/>
    <property name="sun.cpu.endian" value="little"/>
    <property name="sun.io.unicode.encoding" value="UnicodeLittle"/>
    <property name="sun.desktop" value="windows"/>
    <property name="sun.cpu.isalist" value="pentium_pro+mmx pentium_pro pentium+mmx pentium i486 i386 i86"/>
  </properties>
  <testcase time="0" classname="jhandus.CalculatorTest" name="testAdd"/>
  <testcase time="0" classname="jhandus.CalculatorTest" name="testSubtract"/>
  <testcase time="0" classname="jhandus.CalculatorTest" name="testCompareTo"/>
</testsuite>